<?xml version="1.0" encoding="UTF-8" ?>
<testsuite errors="1" failures="0" hostname="subu-Vostro-3350" name="sg.edu.nus.iss.yunakti.engine.parser.TestSample" tests="1" time="0.0" timestamp="2012-04-19T07:45:39">
  <properties>
    <property name="java.vendor" value="Sun Microsystems Inc." />
    <property name="env.SESSION_MANAGER" value="local/subu-Vostro-3350:@/tmp/.ICE-unix/1778,unix/subu-Vostro-3350:/tmp/.ICE-unix/1778" />
    <property name="sun.java.launcher" value="SUN_STANDARD" />
    <property name="eclipse.pdebuild.templates" value="/home/subu/subu/eclipse/plugins/org.eclipse.pde.build_3.7.0.v20111116-2009/templates//" />
    <property name="sun.management.compiler" value="HotSpot 64-Bit Tiered Compilers" />
    <property name="os.name" value="Linux" />
    <property name="sun.boot.class.path" value="/usr/lib/jvm/java-6-openjdk/jre/lib/resources.jar:/usr/lib/jvm/java-6-openjdk/jre/lib/rt.jar:/usr/lib/jvm/java-6-openjdk/jre/lib/sunrsasign.jar:/usr/lib/jvm/java-6-openjdk/jre/lib/jsse.jar:/usr/lib/jvm/java-6-openjdk/jre/lib/jce.jar:/usr/lib/jvm/java-6-openjdk/jre/lib/charsets.jar:/usr/lib/jvm/java-6-openjdk/jre/lib/netx.jar:/usr/lib/jvm/java-6-openjdk/jre/lib/plugin.jar:/usr/lib/jvm/java-6-openjdk/jre/lib/rhino.jar:/usr/lib/jvm/java-6-openjdk/jre/lib/modules/jdk.boot.jar:/usr/lib/jvm/java-6-openjdk/jre/classes" />
    <property name="env.PWD" value="/home/subu" />
    <property name="env.XDG_SESSION_COOKIE" value="8c5c2e4edd8ea8faa334387100000009-1334819235.391565-1316338607" />
    <property name="sun.desktop" value="gnome" />
    <property name="env.LANG" value="en_SG.UTF-8" />
    <property name="java.vm.specification.vendor" value="Sun Microsystems Inc." />
    <property name="ant.home" value="/home/subu/subu/eclipse/plugins/org.apache.ant_1.8.2.v20120109-1030" />
    <property name="java.runtime.version" value="1.6.0_23-b23" />
    <property name="env.DEFAULTS_PATH" value="/usr/share/gconf/ubuntu.default.path" />
    <property name="env.DISPLAY" value=":0.0" />
    <property name="user.name" value="subu" />
    <property name="env.USER" value="subu" />
    <property name="env.SHELL" value="/bin/bash" />
    <property name="env.DESKTOP_SESSION" value="ubuntu" />
    <property name="env.XDG_DATA_DIRS" value="/usr/share/ubuntu:/usr/share/gnome:/usr/local/share/:/usr/share/" />
    <property name="env.PATH" value="/usr/lib/lightdm/lightdm:/usr/local/sbin:/usr/local/bin:/usr/sbin:/usr/bin:/sbin:/bin:/usr/games" />
    <property name="env.XDG_CURRENT_DESKTOP" value="Unity" />
    <property name="user.language" value="en" />
    <property name="sun.boot.library.path" value="/usr/lib/jvm/java-6-openjdk/jre/lib/amd64" />
    <property name="ant.project.default-target" value="build" />
    <property name="ant.project.name" value="Yunakti" />
    <property name="env.LC_CTYPE" value="en_US.UTF-8" />
    <property name="java.version" value="1.6.0_23" />
    <property name="user.timezone" value="" />
    <property name="env.DBUS_SESSION_BUS_ADDRESS" value="unix:abstract=/tmp/dbus-svC0qOTeLZ,guid=dc5a6c669d63265b224dc1120000001a" />
    <property name="sun.arch.data.model" value="64" />
    <property name="env.COMPIZ_CONFIG_PROFILE" value="ubuntu" />
    <property name="env.SSH_AGENT_PID" value="1831" />
    <property name="java.endorsed.dirs" value="/usr/lib/jvm/java-6-openjdk/jre/lib/endorsed" />
    <property name="sun.cpu.isalist" value="" />
    <property name="sun.jnu.encoding" value="UTF-8" />
    <property name="file.encoding.pkg" value="sun.io" />
    <property name="ECLIPSE_HOME" value="/home/subu/subu/eclipse" />
    <property name="file.separator" value="/" />
    <property name="java.specification.name" value="Java Platform API Specification" />
    <property name="env.GNOME_DESKTOP_SESSION_ID" value="this-is-deprecated" />
    <property name="java.class.version" value="50.0" />
    <property name="env.GDMSESSION" value="ubuntu" />
    <property name="user.country" value="US" />
    <property name="env.GNOME_KEYRING_PID" value="1769" />
    <property name="java.home" value="/usr/lib/jvm/java-6-openjdk/jre" />
    <property name="java.vm.info" value="mixed mode" />
    <property name="env.LOGNAME" value="subu" />
    <property name="ant.file" value="/home/subu/workspace1/yunakti/build.xml" />
    <property name="os.version" value="3.0.0-15-generic" />
    <property name="ant.file.type.Yunakti" value="file" />
    <property name="path.separator" value=":" />
    <property name="java.vm.version" value="20.0-b11" />
    <property name="env.LANGUAGE" value="en_US:en" />
    <property name="ant.library.dir" value="/home/subu/subu/eclipse/plugins/org.apache.ant_1.8.2.v20120109-1030/lib" />
    <property name="env.XDG_SESSION_PATH" value="/org/freedesktop/DisplayManager/Session0" />
    <property name="java.awt.printerjob" value="sun.print.PSPrinterJob" />
    <property name="sun.io.unicode.encoding" value="UnicodeLittle" />
    <property name="env.DESKTOP_AUTOSTART_ID" value="10f4de01c9d43b2c92133481923814289100000017780026" />
    <property name="eclipse.pdebuild.scripts" value="/home/subu/subu/eclipse/plugins/org.eclipse.pde.build_3.7.0.v20111116-2009/scripts//" />
    <property name="user.home" value="/home/subu" />
    <property name="target" value="1.6" />
    <property name="java.specification.vendor" value="Sun Microsystems Inc." />
    <property name="java.library.path" value="/usr/lib/jvm/java-6-openjdk/jre/lib/amd64/server:/usr/lib/jvm/java-6-openjdk/jre/lib/amd64:/usr/lib/jvm/java-6-openjdk/jre/../lib/amd64:/usr/java/packages/lib/amd64:/usr/lib/jni:/lib:/usr/lib" />
    <property name="java.vendor.url" value="http://java.sun.com/" />
    <property name="env.LC_MESSAGES" value="en_US.UTF-8" />
    <property name="java.vm.vendor" value="Sun Microsystems Inc." />
    <property name="java.runtime.name" value="OpenJDK Runtime Environment" />
    <property name="ant.version" value="Apache Ant(TM) version 1.8.2 compiled on December 20 2010" />
    <property name="sun.java.command" value="org.apache.tools.ant.taskdefs.optional.junit.JUnitTestRunner sg.edu.nus.iss.yunakti.engine.parser.TestSample filtertrace=true haltOnError=false haltOnFailure=false formatter=org.apache.tools.ant.taskdefs.optional.junit.OutErrSummaryJUnitResultFormatter showoutput=false outputtoformatters=true logfailedtests=true logtestlistenerevents=false formatter=org.apache.tools.ant.taskdefs.optional.junit.XMLJUnitResultFormatter,/home/subu/workspace1/yunakti/${junit.output.dir}/TEST-sg.edu.nus.iss.yunakti.engine.parser.TestSample.xml crashfile=/home/subu/workspace1/yunakti/junitvmwatcher3205322398866566762.properties propsfile=/home/subu/workspace1/yunakti/junit6681435853100325420.properties" />
    <property name="java.class.path" value="/home/subu/subu/eclipse/plugins/org.eclipse.core.commands_3.6.0.I20110111-0800.jar:/home/subu/subu/eclipse/plugins/org.eclipse.core.runtime_3.7.0.v20110110.jar:/home/subu/subu/eclipse/plugins/org.eclipse.equinox.common_3.6.0.v20110523.jar:/home/subu/subu/eclipse/plugins/org.eclipse.core.runtime.compatibility.registry_3.5.0.v20110505/runtime_registry_compatibility.jar:/home/subu/subu/eclipse/plugins/org.eclipse.core.contenttype_3.4.100.v20110423-0524.jar:/home/subu/subu/eclipse/plugins/org.eclipse.equinox.app_1.3.100.v20110321.jar:/home/subu/subu/eclipse/plugins/org.junit_4.8.2.v4_8_2_v20110321-1705/junit.jar:/home/subu/subu/eclipse/plugins/org.hamcrest.core_1.1.0.v20090501071000.jar:/home/subu/workspace1/yunakti/bin:/home/subu/subu/eclipse/plugins/org.apache.ant_1.8.2.v20120109-1030/lib/ant-launcher.jar:/home/subu/subu/eclipse/plugins/org.apache.ant_1.8.2.v20120109-1030/lib/ant.jar:/home/subu/subu/eclipse/plugins/org.apache.ant_1.8.2.v20120109-1030/lib/ant-junit.jar:/home/subu/subu/eclipse/plugins/org.apache.ant_1.8.2.v20120109-1030/lib/ant-junit4.jar" />
    <property name="env.UBUNTU_MENUPROXY" value="libappmenu.so" />
    <property name="java.vm.specification.name" value="Java Virtual Machine Specification" />
    <property name="java.vm.specification.version" value="1.0" />
    <property name="sun.cpu.endian" value="little" />
    <property name="sun.os.patch.level" value="unknown" />
    <property name="env.HOME" value="/home/subu" />
    <property name="debuglevel" value="source,lines,vars" />
    <property name="env.ANT_HOME" value="/home/subu/subu/eclipse/plugins/org.apache.ant_1.8.2.v20120109-1030" />
    <property name="java.io.tmpdir" value="/tmp" />
    <property name="env.XDG_SEAT_PATH" value="/org/freedesktop/DisplayManager/Seat0" />
    <property name="eclipse.pdebuild.home" value="/home/subu/subu/eclipse/plugins/org.eclipse.pde.build_3.7.0.v20111116-2009/.//" />
    <property name="env.LD_LIBRARY_PATH" value="/usr/lib/jvm/java-6-openjdk/jre/lib/amd64/server:/usr/lib/jvm/java-6-openjdk/jre/lib/amd64:/usr/lib/jvm/java-6-openjdk/jre/../lib/amd64" />
    <property name="ant.file.Yunakti" value="/home/subu/workspace1/yunakti/build.xml" />
    <property name="java.vendor.url.bug" value="http://java.sun.com/cgi-bin/bugreport.cgi" />
    <property name="env.SSH_AUTH_SOCK" value="/tmp/keyring-UjUg6A/ssh" />
    <property name="os.arch" value="amd64" />
    <property name="java.awt.graphicsenv" value="sun.awt.X11GraphicsEnvironment" />
    <property name="java.ext.dirs" value="/usr/lib/jvm/java-6-openjdk/jre/lib/ext:/usr/java/packages/lib/ext" />
    <property name="user.dir" value="/home/subu/workspace1/yunakti" />
    <property name="env.XAUTHORITY" value="/home/subu/.Xauthority" />
    <property name="env.MANDATORY_PATH" value="/usr/share/gconf/ubuntu.mandatory.path" />
    <property name="env.GTK_MODULES" value="canberra-gtk-module:canberra-gtk-module" />
    <property name="line.separator" value="&#xa;" />
    <property name="java.vm.name" value="OpenJDK 64-Bit Server VM" />
    <property name="basedir" value="/home/subu/workspace1/yunakti" />
    <property name="ant.java.version" value="1.6" />
    <property name="ant.core.lib" value="/home/subu/subu/eclipse/plugins/org.apache.ant_1.8.2.v20120109-1030/lib/ant.jar" />
    <property name="env.USERNAME" value="subu" />
    <property name="source" value="1.6" />
    <property name="file.encoding" value="UTF-8" />
    <property name="env.LC_COLLATE" value="en_US.UTF-8" />
    <property name="env.GPG_AGENT_INFO" value="/tmp/keyring-UjUg6A/gpg:0:1" />
    <property name="java.specification.version" value="1.6" />
    <property name="env.GNOME_KEYRING_CONTROL" value="/tmp/keyring-UjUg6A" />
    <property name="ant.project.invoked-targets" value="YunaktiTestRunner" />
    <property name="env.XDG_CONFIG_DIRS" value="/etc/xdg/xdg-ubuntu:/etc/xdg" />
  </properties>
  <error message="sg.edu.nus.iss.yunakti.engine.parser.TestSample" type="java.lang.ClassNotFoundException">java.lang.ClassNotFoundException: sg.edu.nus.iss.yunakti.engine.parser.TestSample
	at java.net.URLClassLoader$1.run(URLClassLoader.java:217)
	at java.security.AccessController.doPrivileged(Native Method)
	at java.net.URLClassLoader.findClass(URLClassLoader.java:205)
	at java.lang.ClassLoader.loadClass(ClassLoader.java:321)
	at sun.misc.Launcher$AppClassLoader.loadClass(Launcher.java:294)
	at java.lang.ClassLoader.loadClass(ClassLoader.java:266)
	at java.lang.Class.forName0(Native Method)
	at java.lang.Class.forName(Class.java:186)
</error>
  <system-out><![CDATA[]]></system-out>
  <system-err><![CDATA[]]></system-err>
</testsuite>
